2025-05-28 17:41:13:664 [main] WARN  com.github.coffe.controller.FuncionarioController - Tentativa de login mal sucedida para o usuário 123, senha: 123
2025-05-28 17:58:19:248 [main] WARN  com.github.coffe.controller.FuncionarioController - Tentativa de login mal sucedida para o usuário 123, senha: 123
2025-05-28 17:59:21:388 [main] WARN  com.github.coffe.controller.FuncionarioController - Tentativa de login mal sucedida para o usuário 123, senha: 123
2025-05-28 18:00:11:597 [main] WARN  com.github.coffe.controller.FuncionarioController - Tentativa de login mal sucedida para o usuário 123, senha: 123
2025-05-28 18:02:17:562 [main] WARN  com.github.coffe.controller.FuncionarioController - Tentativa de login mal sucedida para o usuário 123, senha: Mudar@123
2025-05-28 18:02:54:840 [main] WARN  com.github.coffe.controller.FuncionarioController - Tentativa de login mal sucedida para o usuário 123, senha: Mudar@123
2025-05-28 18:33:43:711 [main] WARN  com.github.coffe.controller.FuncionarioController - Tentativa de login mal sucedida para o usuário 123, senha: Mudar@123
2025-05-28 18:34:36:992 [main] WARN  com.github.coffe.controller.FuncionarioController - Tentativa de login mal sucedida para o usuário 123, senha: Mudar@123
2025-05-28 18:37:54:663 [main] WARN  com.github.coffe.controller.FuncionarioController - Tentativa de login mal sucedida para o usuário 123, senha: Mudar@123
2025-05-28 18:38:38:153 [main] WARN  com.github.coffe.controller.FuncionarioController - Tentativa de login mal sucedida para o usuário 123, senha: Mudar@123
2025-05-28 18:43:16:718 [main] WARN  com.github.coffe.controller.FuncionarioController - Tentativa de login mal sucedida para o usuário 123, senha: Mudar@123
2025-05-28 18:47:07:248 [main] WARN  com.github.coffe.controller.FuncionarioController - Tentativa de login mal sucedida para o usuário 12345678900, senha: Mudar@123
2025-05-28 18:55:13:691 [main] WARN  com.github.coffe.controller.FuncionarioController - Tentativa de login mal sucedida para o usuário 12345678900, senha: Mudar@123
2025-05-28 18:59:57:360 [main] WARN  com.github.coffe.controller.FuncionarioController - Tentativa de login mal sucedida para o usuário 123, senha: 123
2025-05-28 19:00:24:558 [main] WARN  com.github.coffe.controller.FuncionarioController - Tentativa de login mal sucedida para o usuário , senha: kdkd
2025-05-28 19:00:48:581 [main] WARN  com.github.coffe.controller.FuncionarioController - Tentativa de login mal sucedida para o usuário 12345678900, senha: Mudar@123
2025-05-28 19:08:16:350 [main] WARN  com.github.coffe.controller.FuncionarioController - Tentativa de login mal sucedida para o usuário 123, senha: 123
2025-05-28 19:12:50:094 [main] WARN  com.github.coffe.controller.FuncionarioController - Tentativa de login mal sucedida para o usuário 123, senha: 123
2025-05-28 19:12:56:667 [main] WARN  com.github.coffe.controller.FuncionarioController - Tentativa de login mal sucedida para o usuário 123, senha: 123
2025-05-28 19:15:31:908 [main] WARN  com.github.coffe.controller.FuncionarioController - Tentativa de login mal sucedida para o usuário 123, senha: 123
2025-05-28 19:28:27:020 [main] WARN  com.github.coffe.controller.FuncionarioController - Erro ao carregar funcionários: dados/funcionarios.txt (Arquivo ou diretório inexistente)
2025-05-28 19:28:33:706 [main] WARN  com.github.coffe.controller.FuncionarioController - Erro ao carregar funcionários: dados/funcionarios.txt (Arquivo ou diretório inexistente)
2025-05-28 19:28:33:707 [main] WARN  com.github.coffe.controller.FuncionarioController - Tentativa de login mal sucedida para o usuário 123, senha: 123
2025-05-28 19:30:12:463 [main] WARN  com.github.coffe.controller.FuncionarioController - Erro ao carregar funcionários: dados/funcionarios.txt (Arquivo ou diretório inexistente)
2025-05-28 19:30:17:876 [main] WARN  com.github.coffe.controller.FuncionarioController - Erro ao carregar funcionários: dados/funcionarios.txt (Arquivo ou diretório inexistente)
2025-05-28 19:30:17:877 [main] WARN  com.github.coffe.controller.FuncionarioController - Tentativa de login mal sucedida para o usuário 123, senha: 123
2025-05-28 19:30:47:268 [main] WARN  com.github.coffe.controller.FuncionarioController - Erro ao carregar funcionários: funcionarios.txt (Arquivo ou diretório inexistente)
2025-05-28 19:31:02:853 [main] WARN  com.github.coffe.controller.FuncionarioController - Erro ao carregar funcionários: funcionarios.txt (Arquivo ou diretório inexistente)
2025-05-28 19:31:02:854 [main] WARN  com.github.coffe.controller.FuncionarioController - Tentativa de login mal sucedida para o usuário 123, senha: 123
2025-05-28 20:41:38:407 [main] INFO  com.github.coffe.controller.FuncionarioController - Login de <Jhu> realizado com sucesso.
2025-05-28 20:41:59:204 [main] INFO  com.github.coffe.controller.FuncionarioController - Login de <Maria da Silva> realizado com sucesso.
2025-05-28 20:42:42:467 [main] INFO  com.github.coffe.controller.FuncionarioController - Login de <Maria da Silva> realizado com sucesso.
2025-05-28 20:44:48:498 [main] INFO  com.github.coffe.controller.FuncionarioController - Login de <Maria da Silva> realizado com sucesso.
2025-05-28 20:53:34:301 [main] WARN  com.github.coffe.controller.FuncionarioController - Tentativa de login mal sucedida para o usuário 12345678900, senha: Mudar@123
2025-05-28 20:54:23:630 [main] INFO  com.github.coffe.controller.FuncionarioController - Login de <Gerente1> realizado com sucesso.
2025-05-28 20:55:33:241 [main] INFO  com.github.coffe.controller.FuncionarioController - Login de <Gerente1> realizado com sucesso.
2025-05-28 20:58:43:038 [main] WARN  com.github.coffe.controller.FuncionarioController - Tentativa de login mal sucedida para o usuário 123456, senha: 55
2025-05-28 20:58:53:933 [main] INFO  com.github.coffe.controller.FuncionarioController - Login de <Gerente1> realizado com sucesso.
2025-05-28 21:04:44:640 [main] INFO  com.github.coffe.controller.FuncionarioController - Login de <Gerente1> realizado com sucesso.
2025-05-28 21:05:37:583 [main] INFO  com.github.coffe.controller.FuncionarioController - Login de <Gerente1> realizado com sucesso.
2025-05-28 21:10:01:594 [main] INFO  com.github.coffe.controller.FuncionarioController - Login de <Gerente1> realizado com sucesso.
2025-05-28 21:20:43:191 [main] INFO  com.github.coffe.controller.FuncionarioController - Login de <Gerente1> realizado com sucesso.
2025-05-28 21:27:50:449 [main] INFO  com.github.coffe.controller.FuncionarioController - Login de <Gerente1> realizado com sucesso.
2025-05-28 21:29:30:851 [main] INFO  com.github.coffe.controller.FuncionarioController - Login de <Gerente1> realizado com sucesso.
2025-05-28 21:44:20:333 [main] INFO  com.github.coffe.controller.FuncionarioController - Login de <Gerente1> realizado com sucesso.
